2025-10-23 13:39:33,141 DEBUG    root            Loaded Command Group: ['gcloud', 'components']
2025-10-23 13:39:33,145 DEBUG    root            Loaded Command Group: ['gcloud', 'components', 'update']
2025-10-23 13:39:33,147 DEBUG    root            Running [gcloud.components.update] with arguments: [--compile-python: "True", --quiet: "True", COMPONENT-IDS:6: "['core', 'gcloud-deps', 'bq', 'gcloud', 'gcloud-crc32c', 'gsutil']"]
2025-10-23 13:39:33,148 INFO     ___FILE_ONLY___ Beginning update. This process may take several minutes.

2025-10-23 13:39:33,182 DEBUG    urllib3.connectionpool Starting new HTTPS connection (1): dl.google.com:443
2025-10-23 13:39:34,316 DEBUG    urllib3.connectionpool https://dl.google.com:443 "GET /dl/cloudsdk/channels/rapid/components-2.json HTTP/1.1" 200 233157
2025-10-23 13:39:34,326 INFO     ___FILE_ONLY___ 

2025-10-23 13:39:34,327 INFO     ___FILE_ONLY___ 
Your current Google Cloud CLI version is: 544.0.0

2025-10-23 13:39:34,327 INFO     ___FILE_ONLY___ Installing components from version: 544.0.0

2025-10-23 13:39:34,327 INFO     ___FILE_ONLY___ 

2025-10-23 13:39:34,327 DEBUG    root            Chosen display Format:table[box,title="These components will be removed."](details.display_name:label=Name:align=left,version.version_string:label=Version:align=right,data.size.size(zero="",min=1048576):label=Size:align=right)
2025-10-23 13:39:34,327 DEBUG    root            Chosen display Format:table[box,title="These components will be updated."](details.display_name:label=Name:align=left,version.version_string:label=Version:align=right,data.size.size(zero="",min=1048576):label=Size:align=right)
2025-10-23 13:39:34,328 DEBUG    root            Chosen display Format:table[box,title="These components will be installed."](details.display_name:label=Name:align=left,version.version_string:label=Version:align=right,data.size.size(zero="",min=1048576):label=Size:align=right)
2025-10-23 13:39:34,371 INFO     ___FILE_ONLY___ ┌─────────────────────────────────────────────────────────────────────────────┐
2025-10-23 13:39:34,371 INFO     ___FILE_ONLY___ 

2025-10-23 13:39:34,371 INFO     ___FILE_ONLY___ │                     These components will be installed.                     │
2025-10-23 13:39:34,371 INFO     ___FILE_ONLY___ 

2025-10-23 13:39:34,371 INFO     ___FILE_ONLY___ ├─────────────────────────────────────────────────────┬────────────┬──────────┤
2025-10-23 13:39:34,371 INFO     ___FILE_ONLY___ 

2025-10-23 13:39:34,371 INFO     ___FILE_ONLY___ │                         Name                        │  Version   │   Size   │
2025-10-23 13:39:34,371 INFO     ___FILE_ONLY___ 

2025-10-23 13:39:34,371 INFO     ___FILE_ONLY___ ├─────────────────────────────────────────────────────┼────────────┼──────────┤
2025-10-23 13:39:34,371 INFO     ___FILE_ONLY___ 

2025-10-23 13:39:34,371 INFO     ___FILE_ONLY___ │ 
2025-10-23 13:39:34,371 INFO     ___FILE_ONLY___ BigQuery Command Line Tool                         
2025-10-23 13:39:34,372 INFO     ___FILE_ONLY___  
2025-10-23 13:39:34,372 INFO     ___FILE_ONLY___ │ 
2025-10-23 13:39:34,372 INFO     ___FILE_ONLY___     2.1.24
2025-10-23 13:39:34,372 INFO     ___FILE_ONLY___  
2025-10-23 13:39:34,372 INFO     ___FILE_ONLY___ │ 
2025-10-23 13:39:34,372 INFO     ___FILE_ONLY___  1.8 MiB
2025-10-23 13:39:34,372 INFO     ___FILE_ONLY___  
2025-10-23 13:39:34,372 INFO     ___FILE_ONLY___ │
2025-10-23 13:39:34,372 INFO     ___FILE_ONLY___ 

2025-10-23 13:39:34,372 INFO     ___FILE_ONLY___ │ 
2025-10-23 13:39:34,372 INFO     ___FILE_ONLY___ BigQuery Command Line Tool (Platform Specific)     
2025-10-23 13:39:34,372 INFO     ___FILE_ONLY___  
2025-10-23 13:39:34,372 INFO     ___FILE_ONLY___ │ 
2025-10-23 13:39:34,372 INFO     ___FILE_ONLY___     2.1.17
2025-10-23 13:39:34,372 INFO     ___FILE_ONLY___  
2025-10-23 13:39:34,372 INFO     ___FILE_ONLY___ │ 
2025-10-23 13:39:34,372 INFO     ___FILE_ONLY___  < 1 MiB
2025-10-23 13:39:34,373 INFO     ___FILE_ONLY___  
2025-10-23 13:39:34,373 INFO     ___FILE_ONLY___ │
2025-10-23 13:39:34,373 INFO     ___FILE_ONLY___ 

2025-10-23 13:39:34,373 INFO     ___FILE_ONLY___ │ 
2025-10-23 13:39:34,373 INFO     ___FILE_ONLY___ Bundled Python 3.12 (Platform Specific)            
2025-10-23 13:39:34,373 INFO     ___FILE_ONLY___  
2025-10-23 13:39:34,373 INFO     ___FILE_ONLY___ │ 
2025-10-23 13:39:34,373 INFO     ___FILE_ONLY___     3.12.9
2025-10-23 13:39:34,373 INFO     ___FILE_ONLY___  
2025-10-23 13:39:34,373 INFO     ___FILE_ONLY___ │ 
2025-10-23 13:39:34,373 INFO     ___FILE_ONLY___ 89.3 MiB
2025-10-23 13:39:34,373 INFO     ___FILE_ONLY___  
2025-10-23 13:39:34,373 INFO     ___FILE_ONLY___ │
2025-10-23 13:39:34,373 INFO     ___FILE_ONLY___ 

2025-10-23 13:39:34,373 INFO     ___FILE_ONLY___ │ 
2025-10-23 13:39:34,373 INFO     ___FILE_ONLY___ Cloud Storage Command Line Tool                    
2025-10-23 13:39:34,373 INFO     ___FILE_ONLY___  
2025-10-23 13:39:34,373 INFO     ___FILE_ONLY___ │ 
2025-10-23 13:39:34,373 INFO     ___FILE_ONLY___       5.35
2025-10-23 13:39:34,374 INFO     ___FILE_ONLY___  
2025-10-23 13:39:34,374 INFO     ___FILE_ONLY___ │ 
2025-10-23 13:39:34,374 INFO     ___FILE_ONLY___ 12.4 MiB
2025-10-23 13:39:34,374 INFO     ___FILE_ONLY___  
2025-10-23 13:39:34,374 INFO     ___FILE_ONLY___ │
2025-10-23 13:39:34,374 INFO     ___FILE_ONLY___ 

2025-10-23 13:39:34,374 INFO     ___FILE_ONLY___ │ 
2025-10-23 13:39:34,374 INFO     ___FILE_ONLY___ Cloud Storage Command Line Tool (Platform Specific)
2025-10-23 13:39:34,374 INFO     ___FILE_ONLY___  
2025-10-23 13:39:34,374 INFO     ___FILE_ONLY___ │ 
2025-10-23 13:39:34,374 INFO     ___FILE_ONLY___       5.34
2025-10-23 13:39:34,374 INFO     ___FILE_ONLY___  
2025-10-23 13:39:34,374 INFO     ___FILE_ONLY___ │ 
2025-10-23 13:39:34,374 INFO     ___FILE_ONLY___  < 1 MiB
2025-10-23 13:39:34,374 INFO     ___FILE_ONLY___  
2025-10-23 13:39:34,374 INFO     ___FILE_ONLY___ │
2025-10-23 13:39:34,374 INFO     ___FILE_ONLY___ 

2025-10-23 13:39:34,374 INFO     ___FILE_ONLY___ │ 
2025-10-23 13:39:34,374 INFO     ___FILE_ONLY___ Google Cloud CLI Core Libraries (Platform Specific)
2025-10-23 13:39:34,374 INFO     ___FILE_ONLY___  
2025-10-23 13:39:34,374 INFO     ___FILE_ONLY___ │ 
2025-10-23 13:39:34,374 INFO     ___FILE_ONLY___ 2025.05.23
2025-10-23 13:39:34,375 INFO     ___FILE_ONLY___  
2025-10-23 13:39:34,375 INFO     ___FILE_ONLY___ │ 
2025-10-23 13:39:34,375 INFO     ___FILE_ONLY___  < 1 MiB
2025-10-23 13:39:34,375 INFO     ___FILE_ONLY___  
2025-10-23 13:39:34,375 INFO     ___FILE_ONLY___ │
2025-10-23 13:39:34,375 INFO     ___FILE_ONLY___ 

2025-10-23 13:39:34,375 INFO     ___FILE_ONLY___ │ 
2025-10-23 13:39:34,375 INFO     ___FILE_ONLY___ Google Cloud CRC32C Hash Tool (Platform Specific)  
2025-10-23 13:39:34,375 INFO     ___FILE_ONLY___  
2025-10-23 13:39:34,375 INFO     ___FILE_ONLY___ │ 
2025-10-23 13:39:34,375 INFO     ___FILE_ONLY___      1.0.0
2025-10-23 13:39:34,375 INFO     ___FILE_ONLY___  
2025-10-23 13:39:34,375 INFO     ___FILE_ONLY___ │ 
2025-10-23 13:39:34,375 INFO     ___FILE_ONLY___  1.5 MiB
2025-10-23 13:39:34,375 INFO     ___FILE_ONLY___  
2025-10-23 13:39:34,375 INFO     ___FILE_ONLY___ │
2025-10-23 13:39:34,375 INFO     ___FILE_ONLY___ 

2025-10-23 13:39:34,375 INFO     ___FILE_ONLY___ │ 
2025-10-23 13:39:34,375 INFO     ___FILE_ONLY___ gcloud cli dependencies (Platform Specific)        
2025-10-23 13:39:34,375 INFO     ___FILE_ONLY___  
2025-10-23 13:39:34,375 INFO     ___FILE_ONLY___ │ 
2025-10-23 13:39:34,375 INFO     ___FILE_ONLY___ 2021.04.16
2025-10-23 13:39:34,376 INFO     ___FILE_ONLY___  
2025-10-23 13:39:34,376 INFO     ___FILE_ONLY___ │ 
2025-10-23 13:39:34,376 INFO     ___FILE_ONLY___  < 1 MiB
2025-10-23 13:39:34,376 INFO     ___FILE_ONLY___  
2025-10-23 13:39:34,376 INFO     ___FILE_ONLY___ │
2025-10-23 13:39:34,376 INFO     ___FILE_ONLY___ 

2025-10-23 13:39:34,376 INFO     ___FILE_ONLY___ └─────────────────────────────────────────────────────┴────────────┴──────────┘
2025-10-23 13:39:34,376 INFO     ___FILE_ONLY___ 

2025-10-23 13:39:34,376 INFO     ___FILE_ONLY___ 

2025-10-23 13:39:34,379 DEBUG    urllib3.connectionpool Starting new HTTPS connection (1): dl.google.com:443
2025-10-23 13:39:35,418 DEBUG    urllib3.connectionpool https://dl.google.com:443 "GET /dl/cloudsdk/channels/rapid/RELEASE_NOTES HTTP/1.1" 200 1506053
2025-10-23 13:39:35,930 INFO     ___FILE_ONLY___ For the latest full release notes, please visit:
  https://cloud.google.com/sdk/release_notes


2025-10-23 13:39:35,931 INFO     ___FILE_ONLY___ Performing in place update...


2025-10-23 13:39:35,933 INFO     ___FILE_ONLY___ ╔════════════════════════════════════════════════════════════╗

2025-10-23 13:39:35,933 INFO     ___FILE_ONLY___ ╠═ Downloading: BigQuery Command Line Tool                  ═╣

2025-10-23 13:39:35,933 INFO     ___FILE_ONLY___ ╚
2025-10-23 13:39:35,936 DEBUG    urllib3.connectionpool Starting new HTTPS connection (1): dl.google.com:443
2025-10-23 13:39:36,970 DEBUG    urllib3.connectionpool https://dl.google.com:443 "GET /dl/cloudsdk/channels/rapid/components/google-cloud-sdk-bq-20250929142209.tar.gz HTTP/1.1" 200 1861858
2025-10-23 13:39:36,981 INFO     ___FILE_ONLY___ ═
2025-10-23 13:39:36,982 INFO     ___FILE_ONLY___ ═
2025-10-23 13:39:36,982 INFO     ___FILE_ONLY___ ═
2025-10-23 13:39:36,982 INFO     ___FILE_ONLY___ ═
2025-10-23 13:39:36,982 INFO     ___FILE_ONLY___ ═
2025-10-23 13:39:36,982 INFO     ___FILE_ONLY___ ═
2025-10-23 13:39:36,982 INFO     ___FILE_ONLY___ ═
2025-10-23 13:39:36,982 INFO     ___FILE_ONLY___ ═
2025-10-23 13:39:36,982 INFO     ___FILE_ONLY___ ═
2025-10-23 13:39:36,982 INFO     ___FILE_ONLY___ ═
2025-10-23 13:39:36,983 INFO     ___FILE_ONLY___ ═
2025-10-23 13:39:36,983 INFO     ___FILE_ONLY___ ═
2025-10-23 13:39:36,983 INFO     ___FILE_ONLY___ ═
2025-10-23 13:39:36,983 INFO     ___FILE_ONLY___ ═
2025-10-23 13:39:36,983 INFO     ___FILE_ONLY___ ═
2025-10-23 13:39:36,983 INFO     ___FILE_ONLY___ ═
2025-10-23 13:39:36,983 INFO     ___FILE_ONLY___ ═
2025-10-23 13:39:36,983 INFO     ___FILE_ONLY___ ═
2025-10-23 13:39:36,983 INFO     ___FILE_ONLY___ ═
2025-10-23 13:39:36,983 INFO     ___FILE_ONLY___ ═
2025-10-23 13:39:36,983 INFO     ___FILE_ONLY___ ═
2025-10-23 13:39:36,983 INFO     ___FILE_ONLY___ ═
2025-10-23 13:39:36,983 INFO     ___FILE_ONLY___ ═
2025-10-23 13:39:36,984 INFO     ___FILE_ONLY___ ═
2025-10-23 13:39:36,984 INFO     ___FILE_ONLY___ ═
2025-10-23 13:39:36,984 INFO     ___FILE_ONLY___ ═
2025-10-23 13:39:36,984 INFO     ___FILE_ONLY___ ═
2025-10-23 13:39:36,984 INFO     ___FILE_ONLY___ ═
2025-10-23 13:39:36,984 INFO     ___FILE_ONLY___ ═
2025-10-23 13:39:36,984 INFO     ___FILE_ONLY___ ═
2025-10-23 13:39:36,984 INFO     ___FILE_ONLY___ ═
2025-10-23 13:39:36,984 INFO     ___FILE_ONLY___ ═
2025-10-23 13:39:36,984 INFO     ___FILE_ONLY___ ═
2025-10-23 13:39:36,984 INFO     ___FILE_ONLY___ ═
2025-10-23 13:39:36,984 INFO     ___FILE_ONLY___ ═
2025-10-23 13:39:36,985 INFO     ___FILE_ONLY___ ═
2025-10-23 13:39:36,985 INFO     ___FILE_ONLY___ ═
2025-10-23 13:39:36,985 INFO     ___FILE_ONLY___ ═
2025-10-23 13:39:36,985 INFO     ___FILE_ONLY___ ═
2025-10-23 13:39:36,985 INFO     ___FILE_ONLY___ ═
2025-10-23 13:39:36,985 INFO     ___FILE_ONLY___ ═
2025-10-23 13:39:36,985 INFO     ___FILE_ONLY___ ═
2025-10-23 13:39:36,985 INFO     ___FILE_ONLY___ ═
2025-10-23 13:39:36,985 INFO     ___FILE_ONLY___ ═
2025-10-23 13:39:36,985 INFO     ___FILE_ONLY___ ═
2025-10-23 13:39:36,985 INFO     ___FILE_ONLY___ ═
2025-10-23 13:39:36,985 INFO     ___FILE_ONLY___ ═
2025-10-23 13:39:36,986 INFO     ___FILE_ONLY___ ═
2025-10-23 13:39:36,986 INFO     ___FILE_ONLY___ ═
2025-10-23 13:39:36,986 INFO     ___FILE_ONLY___ ═
2025-10-23 13:39:36,986 INFO     ___FILE_ONLY___ ═
2025-10-23 13:39:36,986 INFO     ___FILE_ONLY___ ═
2025-10-23 13:39:36,986 INFO     ___FILE_ONLY___ ═
2025-10-23 13:39:36,986 INFO     ___FILE_ONLY___ ═
2025-10-23 13:39:36,986 INFO     ___FILE_ONLY___ ═
2025-10-23 13:39:36,986 INFO     ___FILE_ONLY___ ═
2025-10-23 13:39:36,986 INFO     ___FILE_ONLY___ ═
2025-10-23 13:39:36,986 INFO     ___FILE_ONLY___ ═
2025-10-23 13:39:36,986 INFO     ___FILE_ONLY___ ═
2025-10-23 13:39:36,987 INFO     ___FILE_ONLY___ ═
2025-10-23 13:39:36,987 INFO     ___FILE_ONLY___ ╝

2025-10-23 13:39:36,989 INFO     ___FILE_ONLY___ ╔════════════════════════════════════════════════════════════╗

2025-10-23 13:39:36,989 INFO     ___FILE_ONLY___ ╠═ Downloading: BigQuery Command Line Tool (Platform Spe... ═╣

2025-10-23 13:39:36,989 INFO     ___FILE_ONLY___ ╚
2025-10-23 13:39:36,992 DEBUG    urllib3.connectionpool Starting new HTTPS connection (1): dl.google.com:443
2025-10-23 13:39:37,222 DEBUG    urllib3.connectionpool https://dl.google.com:443 "GET /dl/cloudsdk/channels/rapid/components/google-cloud-sdk-bq-nix-20250523104322.tar.gz HTTP/1.1" 200 1935
2025-10-23 13:39:37,223 INFO     ___FILE_ONLY___ ════════════════════════════════════════════════════════════
2025-10-23 13:39:37,223 INFO     ___FILE_ONLY___ ╝

2025-10-23 13:39:37,225 INFO     ___FILE_ONLY___ ╔════════════════════════════════════════════════════════════╗

2025-10-23 13:39:37,225 INFO     ___FILE_ONLY___ ╠═ Downloading: Bundled Python 3.12                         ═╣

2025-10-23 13:39:37,225 INFO     ___FILE_ONLY___ ╚
2025-10-23 13:39:37,225 INFO     ___FILE_ONLY___ ════════════════════════════════════════════════════════════
2025-10-23 13:39:37,225 INFO     ___FILE_ONLY___ ╝

2025-10-23 13:39:37,227 INFO     ___FILE_ONLY___ ╔════════════════════════════════════════════════════════════╗

2025-10-23 13:39:37,227 INFO     ___FILE_ONLY___ ╠═ Downloading: Bundled Python 3.12 (Platform Specific)     ═╣

2025-10-23 13:39:37,227 INFO     ___FILE_ONLY___ ╚
2025-10-23 13:39:37,230 DEBUG    urllib3.connectionpool Starting new HTTPS connection (1): dl.google.com:443
2025-10-23 13:39:37,418 DEBUG    urllib3.connectionpool https://dl.google.com:443 "GET /dl/cloudsdk/channels/rapid/components/google-cloud-sdk-bundled-python3-unix-linux-x86_64-20250502143716.tar.gz HTTP/1.1" 200 93610468
2025-10-23 13:39:37,735 INFO     ___FILE_ONLY___ ═
2025-10-23 13:39:37,737 INFO     ___FILE_ONLY___ ═
2025-10-23 13:39:37,739 INFO     ___FILE_ONLY___ ═
2025-10-23 13:39:37,740 INFO     ___FILE_ONLY___ ═
2025-10-23 13:39:37,742 INFO     ___FILE_ONLY___ ═
2025-10-23 13:39:37,744 INFO     ___FILE_ONLY___ ═
2025-10-23 13:39:37,745 INFO     ___FILE_ONLY___ ═
2025-10-23 13:39:37,747 INFO     ___FILE_ONLY___ ═
2025-10-23 13:39:37,748 INFO     ___FILE_ONLY___ ═
2025-10-23 13:39:37,750 INFO     ___FILE_ONLY___ ═
2025-10-23 13:39:37,752 INFO     ___FILE_ONLY___ ═
2025-10-23 13:39:37,753 INFO     ___FILE_ONLY___ ═
2025-10-23 13:39:37,755 INFO     ___FILE_ONLY___ ═
2025-10-23 13:39:37,756 INFO     ___FILE_ONLY___ ═
2025-10-23 13:39:37,758 INFO     ___FILE_ONLY___ ═
2025-10-23 13:39:37,759 INFO     ___FILE_ONLY___ ═
2025-10-23 13:39:37,761 INFO     ___FILE_ONLY___ ═
2025-10-23 13:39:37,763 INFO     ___FILE_ONLY___ ═
2025-10-23 13:39:37,764 INFO     ___FILE_ONLY___ ═
2025-10-23 13:39:37,766 INFO     ___FILE_ONLY___ ═
2025-10-23 13:39:37,767 INFO     ___FILE_ONLY___ ═
2025-10-23 13:39:37,769 INFO     ___FILE_ONLY___ ═
2025-10-23 13:39:37,771 INFO     ___FILE_ONLY___ ═
2025-10-23 13:39:37,772 INFO     ___FILE_ONLY___ ═
2025-10-23 13:39:37,774 INFO     ___FILE_ONLY___ ═
2025-10-23 13:39:37,775 INFO     ___FILE_ONLY___ ═
2025-10-23 13:39:37,777 INFO     ___FILE_ONLY___ ═
2025-10-23 13:39:37,779 INFO     ___FILE_ONLY___ ═
2025-10-23 13:39:37,780 INFO     ___FILE_ONLY___ ═
2025-10-23 13:39:37,782 INFO     ___FILE_ONLY___ ═
2025-10-23 13:39:37,783 INFO     ___FILE_ONLY___ ═
2025-10-23 13:39:37,785 INFO     ___FILE_ONLY___ ═
2025-10-23 13:39:37,786 INFO     ___FILE_ONLY___ ═
2025-10-23 13:39:37,788 INFO     ___FILE_ONLY___ ═
2025-10-23 13:39:37,790 INFO     ___FILE_ONLY___ ═
2025-10-23 13:39:37,791 INFO     ___FILE_ONLY___ ═
2025-10-23 13:39:37,793 INFO     ___FILE_ONLY___ ═
2025-10-23 13:39:37,794 INFO     ___FILE_ONLY___ ═
2025-10-23 13:39:37,796 INFO     ___FILE_ONLY___ ═
2025-10-23 13:39:37,797 INFO     ___FILE_ONLY___ ═
2025-10-23 13:39:37,799 INFO     ___FILE_ONLY___ ═
2025-10-23 13:39:37,801 INFO     ___FILE_ONLY___ ═
2025-10-23 13:39:37,802 INFO     ___FILE_ONLY___ ═
2025-10-23 13:39:37,804 INFO     ___FILE_ONLY___ ═
2025-10-23 13:39:37,805 INFO     ___FILE_ONLY___ ═
2025-10-23 13:39:37,807 INFO     ___FILE_ONLY___ ═
2025-10-23 13:39:37,808 INFO     ___FILE_ONLY___ ═
2025-10-23 13:39:37,810 INFO     ___FILE_ONLY___ ═
2025-10-23 13:39:37,812 INFO     ___FILE_ONLY___ ═
2025-10-23 13:39:37,813 INFO     ___FILE_ONLY___ ═
2025-10-23 13:39:37,815 INFO     ___FILE_ONLY___ ═
2025-10-23 13:39:37,816 INFO     ___FILE_ONLY___ ═
2025-10-23 13:39:37,818 INFO     ___FILE_ONLY___ ═
2025-10-23 13:39:37,819 INFO     ___FILE_ONLY___ ═
2025-10-23 13:39:37,821 INFO     ___FILE_ONLY___ ═
2025-10-23 13:39:37,823 INFO     ___FILE_ONLY___ ═
2025-10-23 13:39:37,824 INFO     ___FILE_ONLY___ ═
2025-10-23 13:39:37,826 INFO     ___FILE_ONLY___ ═
2025-10-23 13:39:37,827 INFO     ___FILE_ONLY___ ═
2025-10-23 13:39:37,829 INFO     ___FILE_ONLY___ ═
2025-10-23 13:39:37,829 INFO     ___FILE_ONLY___ ╝

2025-10-23 13:39:37,831 INFO     ___FILE_ONLY___ ╔════════════════════════════════════════════════════════════╗

2025-10-23 13:39:37,831 INFO     ___FILE_ONLY___ ╠═ Downloading: Cloud Storage Command Line Tool             ═╣

2025-10-23 13:39:37,831 INFO     ___FILE_ONLY___ ╚
2025-10-23 13:39:37,834 DEBUG    urllib3.connectionpool Starting new HTTPS connection (1): dl.google.com:443
2025-10-23 13:39:38,869 DEBUG    urllib3.connectionpool https://dl.google.com:443 "GET /dl/cloudsdk/channels/rapid/components/google-cloud-sdk-gsutil-20250627154417.tar.gz HTTP/1.1" 200 12962791
2025-10-23 13:39:38,924 INFO     ___FILE_ONLY___ ═
2025-10-23 13:39:38,925 INFO     ___FILE_ONLY___ ═
2025-10-23 13:39:38,925 INFO     ___FILE_ONLY___ ═
2025-10-23 13:39:38,925 INFO     ___FILE_ONLY___ ═
2025-10-23 13:39:38,926 INFO     ___FILE_ONLY___ ═
2025-10-23 13:39:38,926 INFO     ___FILE_ONLY___ ═
2025-10-23 13:39:38,926 INFO     ___FILE_ONLY___ ═
2025-10-23 13:39:38,926 INFO     ___FILE_ONLY___ ═
2025-10-23 13:39:38,927 INFO     ___FILE_ONLY___ ═
2025-10-23 13:39:38,927 INFO     ___FILE_ONLY___ ═
2025-10-23 13:39:38,927 INFO     ___FILE_ONLY___ ═
2025-10-23 13:39:38,927 INFO     ___FILE_ONLY___ ═
2025-10-23 13:39:38,928 INFO     ___FILE_ONLY___ ═
2025-10-23 13:39:38,928 INFO     ___FILE_ONLY___ ═
2025-10-23 13:39:38,928 INFO     ___FILE_ONLY___ ═
2025-10-23 13:39:38,929 INFO     ___FILE_ONLY___ ═
2025-10-23 13:39:38,929 INFO     ___FILE_ONLY___ ═
2025-10-23 13:39:38,929 INFO     ___FILE_ONLY___ ═
2025-10-23 13:39:38,929 INFO     ___FILE_ONLY___ ═
2025-10-23 13:39:38,930 INFO     ___FILE_ONLY___ ═
2025-10-23 13:39:38,930 INFO     ___FILE_ONLY___ ═
2025-10-23 13:39:38,930 INFO     ___FILE_ONLY___ ═
2025-10-23 13:39:38,930 INFO     ___FILE_ONLY___ ═
2025-10-23 13:39:38,931 INFO     ___FILE_ONLY___ ═
2025-10-23 13:39:38,931 INFO     ___FILE_ONLY___ ═
2025-10-23 13:39:38,931 INFO     ___FILE_ONLY___ ═
2025-10-23 13:39:38,931 INFO     ___FILE_ONLY___ ═
2025-10-23 13:39:38,932 INFO     ___FILE_ONLY___ ═
2025-10-23 13:39:38,932 INFO     ___FILE_ONLY___ ═
2025-10-23 13:39:38,932 INFO     ___FILE_ONLY___ ═
2025-10-23 13:39:38,933 INFO     ___FILE_ONLY___ ═
2025-10-23 13:39:38,933 INFO     ___FILE_ONLY___ ═
2025-10-23 13:39:38,933 INFO     ___FILE_ONLY___ ═
2025-10-23 13:39:38,933 INFO     ___FILE_ONLY___ ═
2025-10-23 13:39:38,934 INFO     ___FILE_ONLY___ ═
2025-10-23 13:39:38,934 INFO     ___FILE_ONLY___ ═
2025-10-23 13:39:38,934 INFO     ___FILE_ONLY___ ═
2025-10-23 13:39:38,934 INFO     ___FILE_ONLY___ ═
2025-10-23 13:39:38,935 INFO     ___FILE_ONLY___ ═
2025-10-23 13:39:38,935 INFO     ___FILE_ONLY___ ═
2025-10-23 13:39:38,935 INFO     ___FILE_ONLY___ ═
2025-10-23 13:39:38,936 INFO     ___FILE_ONLY___ ═
2025-10-23 13:39:38,936 INFO     ___FILE_ONLY___ ═
2025-10-23 13:39:38,936 INFO     ___FILE_ONLY___ ═
2025-10-23 13:39:38,936 INFO     ___FILE_ONLY___ ═
2025-10-23 13:39:38,937 INFO     ___FILE_ONLY___ ═
2025-10-23 13:39:38,937 INFO     ___FILE_ONLY___ ═
2025-10-23 13:39:38,937 INFO     ___FILE_ONLY___ ═
2025-10-23 13:39:38,937 INFO     ___FILE_ONLY___ ═
2025-10-23 13:39:38,938 INFO     ___FILE_ONLY___ ═
2025-10-23 13:39:38,938 INFO     ___FILE_ONLY___ ═
2025-10-23 13:39:38,938 INFO     ___FILE_ONLY___ ═
2025-10-23 13:39:38,939 INFO     ___FILE_ONLY___ ═
2025-10-23 13:39:38,939 INFO     ___FILE_ONLY___ ═
2025-10-23 13:39:38,939 INFO     ___FILE_ONLY___ ═
2025-10-23 13:39:38,939 INFO     ___FILE_ONLY___ ═
2025-10-23 13:39:38,940 INFO     ___FILE_ONLY___ ═
2025-10-23 13:39:38,940 INFO     ___FILE_ONLY___ ═
2025-10-23 13:39:38,940 INFO     ___FILE_ONLY___ ═
2025-10-23 13:39:38,940 INFO     ___FILE_ONLY___ ═
2025-10-23 13:39:38,941 INFO     ___FILE_ONLY___ ╝

2025-10-23 13:39:38,943 INFO     ___FILE_ONLY___ ╔════════════════════════════════════════════════════════════╗

2025-10-23 13:39:38,943 INFO     ___FILE_ONLY___ ╠═ Downloading: Cloud Storage Command Line Tool (Platfor... ═╣

2025-10-23 13:39:38,943 INFO     ___FILE_ONLY___ ╚
2025-10-23 13:39:38,945 DEBUG    urllib3.connectionpool Starting new HTTPS connection (1): dl.google.com:443
2025-10-23 13:39:39,968 DEBUG    urllib3.connectionpool https://dl.google.com:443 "GET /dl/cloudsdk/channels/rapid/components/google-cloud-sdk-gsutil-nix-20250523104322.tar.gz HTTP/1.1" 200 1950
2025-10-23 13:39:39,969 INFO     ___FILE_ONLY___ ════════════════════════════════════════════════════════════
2025-10-23 13:39:39,969 INFO     ___FILE_ONLY___ ╝

2025-10-23 13:39:39,971 INFO     ___FILE_ONLY___ ╔════════════════════════════════════════════════════════════╗

2025-10-23 13:39:39,971 INFO     ___FILE_ONLY___ ╠═ Downloading: Default set of gcloud commands              ═╣

2025-10-23 13:39:39,971 INFO     ___FILE_ONLY___ ╚
2025-10-23 13:39:39,971 INFO     ___FILE_ONLY___ ════════════════════════════════════════════════════════════
2025-10-23 13:39:39,971 INFO     ___FILE_ONLY___ ╝

2025-10-23 13:39:39,973 INFO     ___FILE_ONLY___ ╔════════════════════════════════════════════════════════════╗

2025-10-23 13:39:39,973 INFO     ___FILE_ONLY___ ╠═ Downloading: Google Cloud CLI Core Libraries (Platfor... ═╣

2025-10-23 13:39:39,973 INFO     ___FILE_ONLY___ ╚
2025-10-23 13:39:39,976 DEBUG    urllib3.connectionpool Starting new HTTPS connection (1): dl.google.com:443
2025-10-23 13:39:41,046 DEBUG    urllib3.connectionpool https://dl.google.com:443 "GET /dl/cloudsdk/channels/rapid/components/google-cloud-sdk-core-nix-20250523104322.tar.gz HTTP/1.1" 200 2325
2025-10-23 13:39:41,047 INFO     ___FILE_ONLY___ ════════════════════════════════════════════════════════════
2025-10-23 13:39:41,047 INFO     ___FILE_ONLY___ ╝

2025-10-23 13:39:41,049 INFO     ___FILE_ONLY___ ╔════════════════════════════════════════════════════════════╗

2025-10-23 13:39:41,049 INFO     ___FILE_ONLY___ ╠═ Downloading: Google Cloud CRC32C Hash Tool               ═╣

2025-10-23 13:39:41,049 INFO     ___FILE_ONLY___ ╚
2025-10-23 13:39:41,049 INFO     ___FILE_ONLY___ ════════════════════════════════════════════════════════════
2025-10-23 13:39:41,049 INFO     ___FILE_ONLY___ ╝

2025-10-23 13:39:41,051 INFO     ___FILE_ONLY___ ╔════════════════════════════════════════════════════════════╗

2025-10-23 13:39:41,051 INFO     ___FILE_ONLY___ ╠═ Downloading: Google Cloud CRC32C Hash Tool (Platform ... ═╣

2025-10-23 13:39:41,051 INFO     ___FILE_ONLY___ ╚
2025-10-23 13:39:41,054 DEBUG    urllib3.connectionpool Starting new HTTPS connection (1): dl.google.com:443
2025-10-23 13:39:42,106 DEBUG    urllib3.connectionpool https://dl.google.com:443 "GET /dl/cloudsdk/channels/rapid/components/google-cloud-sdk-gcloud-crc32c-linux-x86_64-20250613150750.tar.gz HTTP/1.1" 200 1525557
2025-10-23 13:39:42,117 INFO     ___FILE_ONLY___ ═
2025-10-23 13:39:42,117 INFO     ___FILE_ONLY___ ═
2025-10-23 13:39:42,117 INFO     ___FILE_ONLY___ ═
2025-10-23 13:39:42,117 INFO     ___FILE_ONLY___ ═
2025-10-23 13:39:42,117 INFO     ___FILE_ONLY___ ═
2025-10-23 13:39:42,117 INFO     ___FILE_ONLY___ ═
2025-10-23 13:39:42,117 INFO     ___FILE_ONLY___ ═
2025-10-23 13:39:42,118 INFO     ___FILE_ONLY___ ═
2025-10-23 13:39:42,118 INFO     ___FILE_ONLY___ ═
2025-10-23 13:39:42,118 INFO     ___FILE_ONLY___ ═
2025-10-23 13:39:42,118 INFO     ___FILE_ONLY___ ═
2025-10-23 13:39:42,118 INFO     ___FILE_ONLY___ ═
2025-10-23 13:39:42,118 INFO     ___FILE_ONLY___ ═
2025-10-23 13:39:42,118 INFO     ___FILE_ONLY___ ═
2025-10-23 13:39:42,119 INFO     ___FILE_ONLY___ ═
2025-10-23 13:39:42,119 INFO     ___FILE_ONLY___ ═
2025-10-23 13:39:42,119 INFO     ___FILE_ONLY___ ═
2025-10-23 13:39:42,119 INFO     ___FILE_ONLY___ ═
2025-10-23 13:39:42,119 INFO     ___FILE_ONLY___ ═
2025-10-23 13:39:42,119 INFO     ___FILE_ONLY___ ═
2025-10-23 13:39:42,119 INFO     ___FILE_ONLY___ ═
2025-10-23 13:39:42,120 INFO     ___FILE_ONLY___ ═
2025-10-23 13:39:42,120 INFO     ___FILE_ONLY___ ═
2025-10-23 13:39:42,120 INFO     ___FILE_ONLY___ ═
2025-10-23 13:39:42,120 INFO     ___FILE_ONLY___ ═
2025-10-23 13:39:42,120 INFO     ___FILE_ONLY___ ═
2025-10-23 13:39:42,120 INFO     ___FILE_ONLY___ ═
2025-10-23 13:39:42,120 INFO     ___FILE_ONLY___ ═
2025-10-23 13:39:42,120 INFO     ___FILE_ONLY___ ═
2025-10-23 13:39:42,121 INFO     ___FILE_ONLY___ ═
2025-10-23 13:39:42,121 INFO     ___FILE_ONLY___ ═
2025-10-23 13:39:42,121 INFO     ___FILE_ONLY___ ═
2025-10-23 13:39:42,121 INFO     ___FILE_ONLY___ ═
2025-10-23 13:39:42,121 INFO     ___FILE_ONLY___ ═
2025-10-23 13:39:42,121 INFO     ___FILE_ONLY___ ═
2025-10-23 13:39:42,122 INFO     ___FILE_ONLY___ ═
2025-10-23 13:39:42,122 INFO     ___FILE_ONLY___ ═
2025-10-23 13:39:42,122 INFO     ___FILE_ONLY___ ═
2025-10-23 13:39:42,122 INFO     ___FILE_ONLY___ ═
2025-10-23 13:39:42,122 INFO     ___FILE_ONLY___ ═
2025-10-23 13:39:42,122 INFO     ___FILE_ONLY___ ═
2025-10-23 13:39:42,122 INFO     ___FILE_ONLY___ ═
2025-10-23 13:39:42,122 INFO     ___FILE_ONLY___ ═
2025-10-23 13:39:42,123 INFO     ___FILE_ONLY___ ═
2025-10-23 13:39:42,123 INFO     ___FILE_ONLY___ ═
2025-10-23 13:39:42,123 INFO     ___FILE_ONLY___ ═
2025-10-23 13:39:42,123 INFO     ___FILE_ONLY___ ═
2025-10-23 13:39:42,123 INFO     ___FILE_ONLY___ ═
2025-10-23 13:39:42,123 INFO     ___FILE_ONLY___ ═
2025-10-23 13:39:42,123 INFO     ___FILE_ONLY___ ═
2025-10-23 13:39:42,123 INFO     ___FILE_ONLY___ ═
2025-10-23 13:39:42,124 INFO     ___FILE_ONLY___ ═
2025-10-23 13:39:42,124 INFO     ___FILE_ONLY___ ═
2025-10-23 13:39:42,124 INFO     ___FILE_ONLY___ ═
2025-10-23 13:39:42,124 INFO     ___FILE_ONLY___ ═
2025-10-23 13:39:42,124 INFO     ___FILE_ONLY___ ═
2025-10-23 13:39:42,124 INFO     ___FILE_ONLY___ ═
2025-10-23 13:39:42,124 INFO     ___FILE_ONLY___ ═
2025-10-23 13:39:42,124 INFO     ___FILE_ONLY___ ═
2025-10-23 13:39:42,124 INFO     ___FILE_ONLY___ ═
2025-10-23 13:39:42,125 INFO     ___FILE_ONLY___ ╝

2025-10-23 13:39:42,127 INFO     ___FILE_ONLY___ ╔════════════════════════════════════════════════════════════╗

2025-10-23 13:39:42,127 INFO     ___FILE_ONLY___ ╠═ Downloading: gcloud cli dependencies (Platform Specific) ═╣

2025-10-23 13:39:42,127 INFO     ___FILE_ONLY___ ╚
2025-10-23 13:39:42,130 DEBUG    urllib3.connectionpool Starting new HTTPS connection (1): dl.google.com:443
2025-10-23 13:39:43,169 DEBUG    urllib3.connectionpool https://dl.google.com:443 "GET /dl/cloudsdk/channels/rapid/components/google-cloud-sdk-gcloud-deps-linux-x86_64-20210416153011.tar.gz HTTP/1.1" 200 104
2025-10-23 13:39:43,169 INFO     ___FILE_ONLY___ ════════════════════════════════════════════════════════════
2025-10-23 13:39:43,170 INFO     ___FILE_ONLY___ ╝

2025-10-23 13:39:43,171 INFO     ___FILE_ONLY___ ╔════════════════════════════════════════════════════════════╗

2025-10-23 13:39:43,172 INFO     ___FILE_ONLY___ ╠═ Installing: BigQuery Command Line Tool                   ═╣

2025-10-23 13:39:43,172 INFO     ___FILE_ONLY___ ╚
2025-10-23 13:39:43,264 INFO     ___FILE_ONLY___ ═
2025-10-23 13:39:43,267 INFO     ___FILE_ONLY___ ═
2025-10-23 13:39:43,269 INFO     ___FILE_ONLY___ ═
2025-10-23 13:39:43,271 INFO     ___FILE_ONLY___ ═
2025-10-23 13:39:43,274 INFO     ___FILE_ONLY___ ═
2025-10-23 13:39:43,276 INFO     ___FILE_ONLY___ ═
2025-10-23 13:39:43,279 INFO     ___FILE_ONLY___ ═
2025-10-23 13:39:43,281 INFO     ___FILE_ONLY___ ═
2025-10-23 13:39:43,283 INFO     ___FILE_ONLY___ ═
2025-10-23 13:39:43,285 INFO     ___FILE_ONLY___ ═
2025-10-23 13:39:43,288 INFO     ___FILE_ONLY___ ═
2025-10-23 13:39:43,290 INFO     ___FILE_ONLY___ ═
2025-10-23 13:39:43,292 INFO     ___FILE_ONLY___ ═
2025-10-23 13:39:43,294 INFO     ___FILE_ONLY___ ═
2025-10-23 13:39:43,296 INFO     ___FILE_ONLY___ ═
2025-10-23 13:39:43,298 INFO     ___FILE_ONLY___ ═
2025-10-23 13:39:43,301 INFO     ___FILE_ONLY___ ═
2025-10-23 13:39:43,302 INFO     ___FILE_ONLY___ ═
2025-10-23 13:39:43,304 INFO     ___FILE_ONLY___ ═
2025-10-23 13:39:43,308 INFO     ___FILE_ONLY___ ═
2025-10-23 13:39:43,310 INFO     ___FILE_ONLY___ ═
2025-10-23 13:39:43,312 INFO     ___FILE_ONLY___ ═
2025-10-23 13:39:43,314 INFO     ___FILE_ONLY___ ═
2025-10-23 13:39:43,316 INFO     ___FILE_ONLY___ ═
2025-10-23 13:39:43,317 INFO     ___FILE_ONLY___ ═
2025-10-23 13:39:43,319 INFO     ___FILE_ONLY___ ═
2025-10-23 13:39:43,321 INFO     ___FILE_ONLY___ ═
2025-10-23 13:39:43,323 INFO     ___FILE_ONLY___ ═
2025-10-23 13:39:43,325 INFO     ___FILE_ONLY___ ═
2025-10-23 13:39:43,329 INFO     ___FILE_ONLY___ ═
2025-10-23 13:39:43,331 INFO     ___FILE_ONLY___ ═
2025-10-23 13:39:43,333 INFO     ___FILE_ONLY___ ═
2025-10-23 13:39:43,334 INFO     ___FILE_ONLY___ ═
2025-10-23 13:39:43,337 INFO     ___FILE_ONLY___ ═
2025-10-23 13:39:43,340 INFO     ___FILE_ONLY___ ═
2025-10-23 13:39:43,347 INFO     ___FILE_ONLY___ ═
2025-10-23 13:39:43,351 INFO     ___FILE_ONLY___ ═
2025-10-23 13:39:43,356 INFO     ___FILE_ONLY___ ═
2025-10-23 13:39:43,358 INFO     ___FILE_ONLY___ ═
2025-10-23 13:39:43,360 INFO     ___FILE_ONLY___ ═
2025-10-23 13:39:43,362 INFO     ___FILE_ONLY___ ═
2025-10-23 13:39:43,364 INFO     ___FILE_ONLY___ ═
2025-10-23 13:39:43,367 INFO     ___FILE_ONLY___ ═
2025-10-23 13:39:43,370 INFO     ___FILE_ONLY___ ═
2025-10-23 13:39:43,372 INFO     ___FILE_ONLY___ ═
2025-10-23 13:39:43,374 INFO     ___FILE_ONLY___ ═
2025-10-23 13:39:43,376 INFO     ___FILE_ONLY___ ═
2025-10-23 13:39:43,378 INFO     ___FILE_ONLY___ ═
2025-10-23 13:39:43,380 INFO     ___FILE_ONLY___ ═
2025-10-23 13:39:43,382 INFO     ___FILE_ONLY___ ═
2025-10-23 13:39:43,384 INFO     ___FILE_ONLY___ ═
2025-10-23 13:39:43,386 INFO     ___FILE_ONLY___ ═
2025-10-23 13:39:43,388 INFO     ___FILE_ONLY___ ═
2025-10-23 13:39:43,391 INFO     ___FILE_ONLY___ ═
2025-10-23 13:39:43,392 INFO     ___FILE_ONLY___ ═
2025-10-23 13:39:43,394 INFO     ___FILE_ONLY___ ═
2025-10-23 13:39:43,396 INFO     ___FILE_ONLY___ ═
2025-10-23 13:39:43,398 INFO     ___FILE_ONLY___ ═
2025-10-23 13:39:43,400 INFO     ___FILE_ONLY___ ═
2025-10-23 13:39:43,402 INFO     ___FILE_ONLY___ ═
2025-10-23 13:39:43,402 INFO     ___FILE_ONLY___ ╝

2025-10-23 13:39:43,410 INFO     ___FILE_ONLY___ ╔════════════════════════════════════════════════════════════╗

2025-10-23 13:39:43,410 INFO     ___FILE_ONLY___ ╠═ Installing: BigQuery Command Line Tool (Platform Spec... ═╣

2025-10-23 13:39:43,410 INFO     ___FILE_ONLY___ ╚
2025-10-23 13:39:43,411 INFO     ___FILE_ONLY___ ════════════════════════════════════════════════════════════
2025-10-23 13:39:43,411 INFO     ___FILE_ONLY___ ╝

2025-10-23 13:39:43,415 INFO     ___FILE_ONLY___ ╔════════════════════════════════════════════════════════════╗

2025-10-23 13:39:43,415 INFO     ___FILE_ONLY___ ╠═ Installing: Bundled Python 3.12                          ═╣

2025-10-23 13:39:43,415 INFO     ___FILE_ONLY___ ╚
2025-10-23 13:39:43,418 INFO     ___FILE_ONLY___ ════════════════════════════════════════════════════════════
2025-10-23 13:39:43,418 INFO     ___FILE_ONLY___ ╝

2025-10-23 13:39:43,419 INFO     ___FILE_ONLY___ ╔════════════════════════════════════════════════════════════╗

2025-10-23 13:39:43,419 INFO     ___FILE_ONLY___ ╠═ Installing: Bundled Python 3.12 (Platform Specific)      ═╣

2025-10-23 13:39:43,420 INFO     ___FILE_ONLY___ ╚
2025-10-23 13:39:45,616 INFO     ___FILE_ONLY___ ═
2025-10-23 13:39:45,630 INFO     ___FILE_ONLY___ ═
2025-10-23 13:39:45,644 INFO     ___FILE_ONLY___ ═
2025-10-23 13:39:45,658 INFO     ___FILE_ONLY___ ═
2025-10-23 13:39:45,670 INFO     ___FILE_ONLY___ ═
2025-10-23 13:39:45,682 INFO     ___FILE_ONLY___ ═
2025-10-23 13:39:45,695 INFO     ___FILE_ONLY___ ═
2025-10-23 13:39:45,707 INFO     ___FILE_ONLY___ ═
2025-10-23 13:39:45,718 INFO     ___FILE_ONLY___ ═
2025-10-23 13:39:45,730 INFO     ___FILE_ONLY___ ═
2025-10-23 13:39:45,742 INFO     ___FILE_ONLY___ ═
2025-10-23 13:39:45,754 INFO     ___FILE_ONLY___ ═
2025-10-23 13:39:45,765 INFO     ___FILE_ONLY___ ═
2025-10-23 13:39:45,777 INFO     ___FILE_ONLY___ ═
2025-10-23 13:39:45,789 INFO     ___FILE_ONLY___ ═
2025-10-23 13:39:45,801 INFO     ___FILE_ONLY___ ═
2025-10-23 13:39:45,813 INFO     ___FILE_ONLY___ ═
2025-10-23 13:39:45,825 INFO     ___FILE_ONLY___ ═
2025-10-23 13:39:45,837 INFO     ___FILE_ONLY___ ═
2025-10-23 13:39:45,849 INFO     ___FILE_ONLY___ ═
2025-10-23 13:39:45,861 INFO     ___FILE_ONLY___ ═
2025-10-23 13:39:45,874 INFO     ___FILE_ONLY___ ═
2025-10-23 13:39:45,886 INFO     ___FILE_ONLY___ ═
2025-10-23 13:39:45,899 INFO     ___FILE_ONLY___ ═
2025-10-23 13:39:45,911 INFO     ___FILE_ONLY___ ═
2025-10-23 13:39:45,922 INFO     ___FILE_ONLY___ ═
2025-10-23 13:39:45,934 INFO     ___FILE_ONLY___ ═
2025-10-23 13:39:45,946 INFO     ___FILE_ONLY___ ═
2025-10-23 13:39:45,958 INFO     ___FILE_ONLY___ ═
2025-10-23 13:39:45,970 INFO     ___FILE_ONLY___ ═
2025-10-23 13:39:45,982 INFO     ___FILE_ONLY___ ═
2025-10-23 13:39:45,993 INFO     ___FILE_ONLY___ ═
2025-10-23 13:39:46,005 INFO     ___FILE_ONLY___ ═
2025-10-23 13:39:46,018 INFO     ___FILE_ONLY___ ═
2025-10-23 13:39:46,033 INFO     ___FILE_ONLY___ ═
2025-10-23 13:39:46,048 INFO     ___FILE_ONLY___ ═
2025-10-23 13:39:46,868 INFO     ___FILE_ONLY___ ═
2025-10-23 13:39:46,891 INFO     ___FILE_ONLY___ ═
2025-10-23 13:39:47,366 INFO     ___FILE_ONLY___ ═
2025-10-23 13:39:47,384 INFO     ___FILE_ONLY___ ═
2025-10-23 13:39:47,404 INFO     ___FILE_ONLY___ ═
2025-10-23 13:39:47,429 INFO     ___FILE_ONLY___ ═
2025-10-23 13:39:47,446 INFO     ___FILE_ONLY___ ═
2025-10-23 13:39:47,473 INFO     ___FILE_ONLY___ ═
2025-10-23 13:39:47,492 INFO     ___FILE_ONLY___ ═
2025-10-23 13:39:47,510 INFO     ___FILE_ONLY___ ═
2025-10-23 13:39:47,526 INFO     ___FILE_ONLY___ ═
2025-10-23 13:39:47,542 INFO     ___FILE_ONLY___ ═
2025-10-23 13:39:47,627 INFO     ___FILE_ONLY___ ═
2025-10-23 13:39:47,645 INFO     ___FILE_ONLY___ ═
2025-10-23 13:39:47,777 INFO     ___FILE_ONLY___ ═
2025-10-23 13:39:47,793 INFO     ___FILE_ONLY___ ═
2025-10-23 13:39:47,809 INFO     ___FILE_ONLY___ ═
2025-10-23 13:39:47,825 INFO     ___FILE_ONLY___ ═
2025-10-23 13:39:47,839 INFO     ___FILE_ONLY___ ═
2025-10-23 13:39:47,856 INFO     ___FILE_ONLY___ ═
2025-10-23 13:39:47,872 INFO     ___FILE_ONLY___ ═
2025-10-23 13:39:47,888 INFO     ___FILE_ONLY___ ═
2025-10-23 13:39:47,914 INFO     ___FILE_ONLY___ ═
2025-10-23 13:39:48,373 INFO     ___FILE_ONLY___ ═
2025-10-23 13:39:48,373 INFO     ___FILE_ONLY___ ╝

2025-10-23 13:39:48,424 INFO     ___FILE_ONLY___ ╔════════════════════════════════════════════════════════════╗

2025-10-23 13:39:48,424 INFO     ___FILE_ONLY___ ╠═ Installing: Cloud Storage Command Line Tool              ═╣

2025-10-23 13:39:48,424 INFO     ___FILE_ONLY___ ╚
2025-10-23 13:39:48,966 INFO     ___FILE_ONLY___ ═
2025-10-23 13:39:48,977 INFO     ___FILE_ONLY___ ═
2025-10-23 13:39:48,987 INFO     ___FILE_ONLY___ ═
2025-10-23 13:39:48,997 INFO     ___FILE_ONLY___ ═
2025-10-23 13:39:49,006 INFO     ___FILE_ONLY___ ═
2025-10-23 13:39:49,039 INFO     ___FILE_ONLY___ ═
2025-10-23 13:39:49,052 INFO     ___FILE_ONLY___ ═
2025-10-23 13:39:49,067 INFO     ___FILE_ONLY___ ═
2025-10-23 13:39:49,081 INFO     ___FILE_ONLY___ ═
2025-10-23 13:39:49,096 INFO     ___FILE_ONLY___ ═
2025-10-23 13:39:49,113 INFO     ___FILE_ONLY___ ═
2025-10-23 13:39:49,124 INFO     ___FILE_ONLY___ ═
2025-10-23 13:39:49,135 INFO     ___FILE_ONLY___ ═
2025-10-23 13:39:49,144 INFO     ___FILE_ONLY___ ═
2025-10-23 13:39:49,153 INFO     ___FILE_ONLY___ ═
2025-10-23 13:39:49,169 INFO     ___FILE_ONLY___ ═
2025-10-23 13:39:49,182 INFO     ___FILE_ONLY___ ═
2025-10-23 13:39:49,192 INFO     ___FILE_ONLY___ ═
2025-10-23 13:39:49,203 INFO     ___FILE_ONLY___ ═
2025-10-23 13:39:49,213 INFO     ___FILE_ONLY___ ═
2025-10-23 13:39:49,223 INFO     ___FILE_ONLY___ ═
2025-10-23 13:39:49,235 INFO     ___FILE_ONLY___ ═
2025-10-23 13:39:49,245 INFO     ___FILE_ONLY___ ═
2025-10-23 13:39:49,256 INFO     ___FILE_ONLY___ ═
2025-10-23 13:39:49,265 INFO     ___FILE_ONLY___ ═
2025-10-23 13:39:49,275 INFO     ___FILE_ONLY___ ═
2025-10-23 13:39:49,286 INFO     ___FILE_ONLY___ ═
2025-10-23 13:39:49,300 INFO     ___FILE_ONLY___ ═
2025-10-23 13:39:49,316 INFO     ___FILE_ONLY___ ═
2025-10-23 13:39:49,327 INFO     ___FILE_ONLY___ ═
2025-10-23 13:39:49,339 INFO     ___FILE_ONLY___ ═
2025-10-23 13:39:49,359 INFO     ___FILE_ONLY___ ═
2025-10-23 13:39:49,374 INFO     ___FILE_ONLY___ ═
2025-10-23 13:39:49,393 INFO     ___FILE_ONLY___ ═
2025-10-23 13:39:49,406 INFO     ___FILE_ONLY___ ═
2025-10-23 13:39:49,422 INFO     ___FILE_ONLY___ ═
2025-10-23 13:39:49,431 INFO     ___FILE_ONLY___ ═
2025-10-23 13:39:49,442 INFO     ___FILE_ONLY___ ═
2025-10-23 13:39:49,476 INFO     ___FILE_ONLY___ ═
2025-10-23 13:39:49,492 INFO     ___FILE_ONLY___ ═
2025-10-23 13:39:49,505 INFO     ___FILE_ONLY___ ═
2025-10-23 13:39:49,516 INFO     ___FILE_ONLY___ ═
2025-10-23 13:39:49,528 INFO     ___FILE_ONLY___ ═
2025-10-23 13:39:49,539 INFO     ___FILE_ONLY___ ═
2025-10-23 13:39:49,549 INFO     ___FILE_ONLY___ ═
2025-10-23 13:39:49,558 INFO     ___FILE_ONLY___ ═
2025-10-23 13:39:49,567 INFO     ___FILE_ONLY___ ═
2025-10-23 13:39:49,576 INFO     ___FILE_ONLY___ ═
2025-10-23 13:39:49,586 INFO     ___FILE_ONLY___ ═
2025-10-23 13:39:49,598 INFO     ___FILE_ONLY___ ═
2025-10-23 13:39:49,612 INFO     ___FILE_ONLY___ ═
2025-10-23 13:39:49,624 INFO     ___FILE_ONLY___ ═
2025-10-23 13:39:49,636 INFO     ___FILE_ONLY___ ═
2025-10-23 13:39:49,649 INFO     ___FILE_ONLY___ ═
2025-10-23 13:39:49,661 INFO     ___FILE_ONLY___ ═
2025-10-23 13:39:49,675 INFO     ___FILE_ONLY___ ═
2025-10-23 13:39:49,691 INFO     ___FILE_ONLY___ ═
2025-10-23 13:39:49,710 INFO     ___FILE_ONLY___ ═
2025-10-23 13:39:49,726 INFO     ___FILE_ONLY___ ═
2025-10-23 13:39:49,743 INFO     ___FILE_ONLY___ ═
2025-10-23 13:39:49,743 INFO     ___FILE_ONLY___ ╝

2025-10-23 13:39:49,773 INFO     ___FILE_ONLY___ ╔════════════════════════════════════════════════════════════╗

2025-10-23 13:39:49,773 INFO     ___FILE_ONLY___ ╠═ Installing: Cloud Storage Command Line Tool (Platform... ═╣

2025-10-23 13:39:49,773 INFO     ___FILE_ONLY___ ╚
2025-10-23 13:39:49,773 INFO     ___FILE_ONLY___ ════════════════════════════════════════════════════════════
2025-10-23 13:39:49,774 INFO     ___FILE_ONLY___ ╝

2025-10-23 13:39:49,777 INFO     ___FILE_ONLY___ ╔════════════════════════════════════════════════════════════╗

2025-10-23 13:39:49,778 INFO     ___FILE_ONLY___ ╠═ Installing: Default set of gcloud commands               ═╣

2025-10-23 13:39:49,778 INFO     ___FILE_ONLY___ ╚
2025-10-23 13:39:49,780 INFO     ___FILE_ONLY___ ════════════════════════════════════════════════════════════
2025-10-23 13:39:49,780 INFO     ___FILE_ONLY___ ╝

2025-10-23 13:39:49,781 INFO     ___FILE_ONLY___ ╔════════════════════════════════════════════════════════════╗

2025-10-23 13:39:49,782 INFO     ___FILE_ONLY___ ╠═ Installing: Google Cloud CLI Core Libraries (Platform... ═╣

2025-10-23 13:39:49,782 INFO     ___FILE_ONLY___ ╚
2025-10-23 13:39:49,782 INFO     ___FILE_ONLY___ ══════════════════════════════
2025-10-23 13:39:49,783 INFO     ___FILE_ONLY___ ══════════════════════════════
2025-10-23 13:39:49,783 INFO     ___FILE_ONLY___ ╝

2025-10-23 13:39:49,787 INFO     ___FILE_ONLY___ ╔════════════════════════════════════════════════════════════╗

2025-10-23 13:39:49,787 INFO     ___FILE_ONLY___ ╠═ Installing: Google Cloud CRC32C Hash Tool                ═╣

2025-10-23 13:39:49,787 INFO     ___FILE_ONLY___ ╚
2025-10-23 13:39:49,789 INFO     ___FILE_ONLY___ ════════════════════════════════════════════════════════════
2025-10-23 13:39:49,789 INFO     ___FILE_ONLY___ ╝

2025-10-23 13:39:49,791 INFO     ___FILE_ONLY___ ╔════════════════════════════════════════════════════════════╗

2025-10-23 13:39:49,791 INFO     ___FILE_ONLY___ ╠═ Installing: Google Cloud CRC32C Hash Tool (Platform S... ═╣

2025-10-23 13:39:49,791 INFO     ___FILE_ONLY___ ╚
2025-10-23 13:39:49,827 INFO     ___FILE_ONLY___ ══════════════════════════════
2025-10-23 13:39:49,827 INFO     ___FILE_ONLY___ ══════════════════════════════
2025-10-23 13:39:49,827 INFO     ___FILE_ONLY___ ╝

2025-10-23 13:39:49,832 INFO     ___FILE_ONLY___ ╔════════════════════════════════════════════════════════════╗

2025-10-23 13:39:49,832 INFO     ___FILE_ONLY___ ╠═ Installing: gcloud cli dependencies (Platform Specific)  ═╣

2025-10-23 13:39:49,832 INFO     ___FILE_ONLY___ ╚
2025-10-23 13:39:49,832 INFO     ___FILE_ONLY___ ════════════════════════════════════════════════════════════
2025-10-23 13:39:49,832 INFO     ___FILE_ONLY___ ╝

2025-10-23 13:39:49,837 DEBUG    root            Updating notification cache...
2025-10-23 13:39:49,837 INFO     ___FILE_ONLY___ 

2025-10-23 13:39:49,839 INFO     ___FILE_ONLY___ Performing post processing steps...
2025-10-23 13:39:49,839 DEBUG    root            Executing command: ['/tools/google-cloud-sdk/bin/gcloud', 'components', 'post-process']
2025-10-23 13:39:58,400 DEBUG    ___FILE_ONLY___ 
2025-10-23 13:39:58,400 DEBUG    ___FILE_ONLY___ 
2025-10-23 13:39:58,627 INFO     root            descriptor_list: [{'universeDomain': 'googleapis.com', 'universeShortName': '', 'authenticationDomain': 'auth.cloud.google.com', 'projectPrefix': '', 'cloudWebDomain': 'cloud.google.com', 'documentationDomain': 'cloud.google.com', 'version': '1.0.0', 'state': 'primary', 'artifactRegistryDomain': 'pkg.dev'}]
2025-10-23 13:39:58,627 INFO     ___FILE_ONLY___ 
Update done!


2025-10-23 13:39:58,630 DEBUG    root            Chosen display Format:none
2025-10-23 13:39:58,630 INFO     root            Display format: "none"
